Arguments: 
  /home/angelo/.nvm/versions/node/v14.17.0/bin/node /usr/share/yarn/bin/yarn.js add express

PATH: 
  /home/angelo/.zinit/polaris/bin:/home/angelo/.deno/bin:/home/angelo/.nvm/versions/node/v14.17.0/bin:/usr/local/sbin:/usr/local/bin:/usr/sbin:/usr/bin:/sbin:/bin:/usr/games:/usr/local/games:/snap/bin:/home/angelo/Android/Sdk/emulator:/home/angelo/Android/Sdk/tools:/home/angelo/Android/Sdk/tools/bin:/home/angelo/Android/Sdk/platform-tools:/usr/share/pycharm-community-2021.1.1/bin:/home/angelo/android-studio/bin:/home/angelo/.yarn/bin

Yarn version: 
  1.22.5

Node version: 
  14.17.0

Platform: 
  linux x64

Trace: 
  Error: getaddrinfo EAI_AGAIN registry.yarnpkg.com
      at GetAddrInfoReqWrap.onlookup [as oncomplete] (dns.js:67:26)

npm manifest: 
  {
    "name": "node-transfer",
    "version": "1.0.0",
    "description": "",
    "main": "index.js",
    "scripts": {
      "test": "echo \"Error: no test specified\" && exit 1"
    },
    "keywords": [],
    "author": "",
    "license": "ISC"
  }

yarn manifest: 
  No manifest

Lockfile: 
  No lockfile
